[{"stream_name":"stdout","time":15.192577358,"data":"Data Before\n"}
,{"stream_name":"stdout","time":15.192686337,"data":"--------------------------------------------------\n"}
,{"stream_name":"stdout","time":15.257713308,"data":"Data After\n"}
,{"stream_name":"stdout","time":15.25775224,"data":"--------------------------------------------------\n"}
,{"stream_name":"stdout","time":19.307361674,"data":"The Intercept for our model is 2.08\n"}
,{"stream_name":"stdout","time":19.307404259,"data":"---------------------------------------------------------------------------\n"}
,{"stream_name":"stdout","time":19.307411238,"data":"The Coefficient for pop_growth is 2.0\n"}
,{"stream_name":"stdout","time":19.307415415,"data":"The Coefficient for broad_money_growth is -0.0017\n"}
,{"stream_name":"stdout","time":19.307419679,"data":"The Coefficient for gov_final_consum_growth is -0.21\n"}
,{"stream_name":"stdout","time":19.307424102,"data":"The Coefficient for gross_cap_form_growth is 0.14\n"}
,{"stream_name":"stdout","time":19.307428038,"data":"The Coefficient for hh_consum_growth is 0.51\n"}
,{"stream_name":"stdout","time":19.307432294,"data":"The Coefficient for unemployment is 0.027\n"}
,{"stream_name":"stdout","time":19.548966665000002,"data":"0.25183646701202433 0.26627945578540946\n"}
,{"stream_name":"stdout","time":19.728414902,"data":"    lb_stat  lb_pvalue\n"}
,{"stream_name":"stdout","time":19.728461699,"data":"1  1.978461   0.159553\n"}
,{"stream_name":"stdout","time":19.728472125,"data":"2  2.058403   0.357292\n"}
,{"stream_name":"stdout","time":19.728479574,"data":"3  2.058891   0.560274\n"}
,{"stream_name":"stdout","time":19.728485974,"data":"4  2.618092   0.623622\n"}
,{"stream_name":"stdout","time":19.728493192,"data":"5  3.605598   0.607473\n"}
,{"stream_name":"stdout","time":19.728498915,"data":"6  4.309855   0.634823\n"}
,{"stream_name":"stdout","time":19.728505386,"data":"7  5.323944   0.620495\n"}
,{"stream_name":"stdout","time":19.728511612,"data":"8  7.288547   0.505845\n"}
,{"stream_name":"stdout","time":19.72851765,"data":"9  8.522060   0.482507\n"}
,{"stream_name":"stdout","time":20.649233769,"data":"MSE 0.707\n"}
,{"stream_name":"stdout","time":20.649276904,"data":"MAE 0.611\n"}
,{"stream_name":"stdout","time":20.649286567,"data":"RMSE 0.841\n"}
,{"stream_name":"stdout","time":21.139643373,"data":"                            OLS Regression Results                            \n"}
,{"stream_name":"stdout","time":21.139678431,"data":"==============================================================================\n"}
,{"stream_name":"stdout","time":21.139684673,"data":"Dep. Variable:             gdp_growth   R-squared:                       0.893\n"}
,{"stream_name":"stdout","time":21.139689673,"data":"Model:                            OLS   Adj. R-squared:                  0.878\n"}
,{"stream_name":"stdout","time":21.139693942,"data":"Method:                 Least Squares   F-statistic:                     57.17\n"}
,{"stream_name":"stdout","time":21.139698173,"data":"Date:                Sun, 23 Oct 2022   Prob (F-statistic):           2.36e-18\n"}
,{"stream_name":"stdout","time":21.139702458,"data":"Time:                        19:57:12   Log-Likelihood:                -82.903\n"}
,{"stream_name":"stdout","time":21.139706763,"data":"No. Observations:                  48   AIC:                             179.8\n"}
,{"stream_name":"stdout","time":21.139710816,"data":"Df Residuals:                      41   BIC:                             192.9\n"}
,{"stream_name":"stdout","time":21.139714845,"data":"Df Model:                           6                                         \n"}
,{"stream_name":"stdout","time":21.139728476,"data":"Covariance Type:            nonrobust                                         \n"}
,{"stream_name":"stdout","time":21.139733008,"data":"===========================================================================================\n"}
,{"stream_name":"stdout","time":21.139738453,"data":"                              coef    std err          t      P\u003e|t|      [0.025      0.975]\n"}
,{"stream_name":"stdout","time":21.139742893,"data":"-------------------------------------------------------------------------------------------\n"}
,{"stream_name":"stdout","time":21.139747051,"data":"const                       1.9436      1.123      1.732      0.091      -0.323       4.211\n"}
,{"stream_name":"stdout","time":21.139751228,"data":"pop_growth                  2.1819      0.587      3.719      0.001       0.997       3.367\n"}
,{"stream_name":"stdout","time":21.139755309,"data":"broad_money_growth         -0.0004      0.018     -0.021      0.983      -0.038       0.037\n"}
,{"stream_name":"stdout","time":21.139759461,"data":"gov_final_consum_growth    -0.1888      0.091     -2.076      0.044      -0.372      -0.005\n"}
,{"stream_name":"stdout","time":21.13976381,"data":"gross_cap_form_growth       0.1293      0.025      5.195      0.000       0.079       0.180\n"}
,{"stream_name":"stdout","time":21.13977145,"data":"hh_consum_growth            0.4968      0.085      5.862      0.000       0.326       0.668\n"}
,{"stream_name":"stdout","time":21.13977674,"data":"unemployment               -0.0058      0.279     -0.021      0.984      -0.570       0.559\n"}
,{"stream_name":"stdout","time":21.139781336,"data":"==============================================================================\n"}
,{"stream_name":"stdout","time":21.139785456,"data":"Omnibus:                        0.820   Durbin-Watson:                   1.589\n"}
,{"stream_name":"stdout","time":21.139789582,"data":"Prob(Omnibus):                  0.664   Jarque-Bera (JB):                0.658\n"}
,{"stream_name":"stdout","time":21.139794434,"data":"Skew:                           0.281   Prob(JB):                        0.720\n"}
,{"stream_name":"stdout","time":21.139798625,"data":"Kurtosis:                       2.881   Cond. No.                         154.\n"}
,{"stream_name":"stdout","time":21.139802653,"data":"==============================================================================\n"}
,{"stream_name":"stdout","time":21.13980694,"data":"\n"}
,{"stream_name":"stdout","time":21.139810891,"data":"Notes:\n"}
,{"stream_name":"stdout","time":21.13981481,"data":"[1] Standard Errors assume that the covariance matrix of the errors is correctly specified.\n"}
,{"stream_name":"stdout","time":21.344343815,"data":"                            OLS Regression Results                            \n"}
,{"stream_name":"stdout","time":21.344431694,"data":"==============================================================================\n"}
,{"stream_name":"stdout","time":21.344464155,"data":"Dep. Variable:             gdp_growth   R-squared:                       0.893\n"}
,{"stream_name":"stdout","time":21.34447293,"data":"Model:                            OLS   Adj. R-squared:                  0.883\n"}
,{"stream_name":"stdout","time":21.344479506,"data":"Method:                 Least Squares   F-statistic:                     89.94\n"}
,{"stream_name":"stdout","time":21.344485931,"data":"Date:                Sun, 23 Oct 2022   Prob (F-statistic):           2.61e-20\n"}
,{"stream_name":"stdout","time":21.344493004,"data":"Time:                        19:57:12   Log-Likelihood:                -82.904\n"}
,{"stream_name":"stdout","time":21.344499827,"data":"No. Observations:                  48   AIC:                             175.8\n"}
,{"stream_name":"stdout","time":21.344518067,"data":"Df Residuals:                      43   BIC:                             185.2\n"}
,{"stream_name":"stdout","time":21.344524509,"data":"Df Model:                           4                                         \n"}
,{"stream_name":"stdout","time":21.344530316,"data":"Covariance Type:            nonrobust                                         \n"}
,{"stream_name":"stdout","time":21.344536426,"data":"===========================================================================================\n"}
,{"stream_name":"stdout","time":21.344542623,"data":"                              coef    std err          t      P\u003e|t|      [0.025      0.975]\n"}
,{"stream_name":"stdout","time":21.344549274,"data":"-------------------------------------------------------------------------------------------\n"}
,{"stream_name":"stdout","time":21.344555394,"data":"const                       1.9229      0.573      3.356      0.002       0.767       3.078\n"}
,{"stream_name":"stdout","time":21.3445619,"data":"pop_growth                  2.1704      0.477      4.546      0.000       1.208       3.133\n"}
,{"stream_name":"stdout","time":21.344568045,"data":"gov_final_consum_growth    -0.1889      0.087     -2.162      0.036      -0.365      -0.013\n"}
,{"stream_name":"stdout","time":21.344574366,"data":"gross_cap_form_growth       0.1293      0.024      5.346      0.000       0.081       0.178\n"}
,{"stream_name":"stdout","time":21.344580883,"data":"hh_consum_growth            0.4976      0.076      6.526      0.000       0.344       0.651\n"}
,{"stream_name":"stdout","time":21.344586797,"data":"==============================================================================\n"}
,{"stream_name":"stdout","time":21.344592528,"data":"Omnibus:                        0.831   Durbin-Watson:                   1.589\n"}
,{"stream_name":"stdout","time":21.34459824,"data":"Prob(Omnibus):                  0.660   Jarque-Bera (JB):                0.666\n"}
,{"stream_name":"stdout","time":21.344604012,"data":"Skew:                           0.282   Prob(JB):                        0.717\n"}
,{"stream_name":"stdout","time":21.34461026,"data":"Kurtosis:                       2.882   Cond. No.                         51.9\n"}
,{"stream_name":"stdout","time":21.344621606,"data":"==============================================================================\n"}
,{"stream_name":"stdout","time":21.344627766,"data":"\n"}
,{"stream_name":"stdout","time":21.344666352,"data":"Notes:\n"}
,{"stream_name":"stdout","time":21.345927293,"data":"[1] Standard Errors assume that the covariance matrix of the errors is correctly specified.\n"}
,{"stream_name":"stderr","time":25.580798769,"data":"/opt/conda/lib/python3.7/site-packages/traitlets/traitlets.py:2758: FutureWarning: --Exporter.preprocessors=[\"remove_papermill_header.RemovePapermillHeader\"] for containers is deprecated in traitlets 5.0. You can pass `--Exporter.preprocessors item` ... multiple times to add items to a list.\n"}
,{"stream_name":"stderr","time":25.581042213,"data":"  FutureWarning,\n"}
,{"stream_name":"stderr","time":25.582477466,"data":"[NbConvertApp] Converting notebook __notebook__.ipynb to notebook\n"}
,{"stream_name":"stderr","time":25.940898236,"data":"[NbConvertApp] Writing 620840 bytes to __notebook__.ipynb\n"}
,{"stream_name":"stderr","time":28.533682956,"data":"/opt/conda/lib/python3.7/site-packages/traitlets/traitlets.py:2758: FutureWarning: --Exporter.preprocessors=[\"nbconvert.preprocessors.ExtractOutputPreprocessor\"] for containers is deprecated in traitlets 5.0. You can pass `--Exporter.preprocessors item` ... multiple times to add items to a list.\n"}
,{"stream_name":"stderr","time":28.533751283,"data":"  FutureWarning,\n"}
,{"stream_name":"stderr","time":28.533767962,"data":"[NbConvertApp] Converting notebook __notebook__.ipynb to html\n"}
,{"stream_name":"stderr","time":29.457686715,"data":"[NbConvertApp] Support files will be in __results___files/\n"}
,{"stream_name":"stderr","time":29.457845048,"data":"[NbConvertApp] Making directory __results___files\n"}
,{"stream_name":"stderr","time":29.458373196,"data":"[NbConvertApp] Making directory __results___files\n"}
,{"stream_name":"stderr","time":29.458915406,"data":"[NbConvertApp] Making directory __results___files\n"}
,{"stream_name":"stderr","time":29.459311984,"data":"[NbConvertApp] Making directory __results___files\n"}
,{"stream_name":"stderr","time":29.459528313,"data":"[NbConvertApp] Writing 407769 bytes to __results__.html\n"}
]